<?xml version="1.0" encoding="UTF-8"?>
<!-- Generated by org.testng.reporters.JUnitReportReporter -->
<testsuite hostname="NTINLTP1800632" failures="0" tests="3" name="firsttest.PutPatchDeleteExamples" time="5.828" errors="0" timestamp="2021-03-19T13:16:07 IST" skipped="0">
  <testcase classname="firsttest.PutPatchDeleteExamples" name="testDelete" time="4.175"/>
  <system-out/>
  <testcase classname="firsttest.PutPatchDeleteExamples" name="testPut" time="0.773"/>
  <system-out/>
  <testcase classname="firsttest.PutPatchDeleteExamples" name="testPatch" time="0.880"/>
  <system-out/>
</testsuite> <!-- firsttest.PutPatchDeleteExamples -->
