<?xml version="1.0" encoding="UTF-8"?>
<!-- Generated by org.testng.reporters.JUnitReportReporter -->
<testsuite hostname="NTINLTP1800632" failures="0" tests="2" name="firsttest.TestTwo" time="10.053" errors="0" timestamp="2021-03-19T11:02:17 IST" skipped="0">
  <testcase classname="firsttest.TestTwo" name="testdemo3" time="3.307"/>
  <system-out/>
  <testcase classname="firsttest.TestTwo" name="testdemo2" time="6.746"/>
  <system-out/>
</testsuite> <!-- firsttest.TestTwo -->
