<?xml version="1.0" encoding="UTF-8"?>
<!-- Generated by org.testng.reporters.JUnitReportReporter -->
<testsuite hostname="NTINLTP1800632" failures="0" tests="1" name="firsttest.GetandPostExamples" time="4.989" errors="0" timestamp="2021-03-19T12:37:48 IST" skipped="0">
  <testcase classname="firsttest.GetandPostExamples" name="testPost" time="4.989"/>
  <system-out/>
</testsuite> <!-- firsttest.GetandPostExamples -->
